<?xml version="1.0" encoding="UTF-8"?>
<!-- Generated by org.testng.reporters.JUnitReportReporter -->
<testsuite skipped="0" hostname="MAVRLT1006" name="com.fab.testcases.TC001_Login" tests="1" failures="0" timestamp="06 Jan 2020 07:47:13 GMT" time="10.939" errors="0">
  <testcase name="createLead" time="10.939" classname="com.fab.testcases.TC001_Login"/>
</testsuite> <!-- com.fab.testcases.TC001_Login -->
