<?xml version="1.0" encoding="UTF-8"?>
<!-- Generated by org.testng.reporters.JUnitReportReporter -->
<testsuite skipped="0" hostname="MAVRLT1006" name="com.fab.testcases.TC001_Login" tests="1" failures="0" timestamp="06 Jan 2020 08:26:59 GMT" time="8.808" errors="0">
  <testcase name="login" time="8.808" classname="com.fab.testcases.TC001_Login"/>
</testsuite> <!-- com.fab.testcases.TC001_Login -->
